<?xml version="1.0" encoding="UTF-8"?>
<!-- Generated by org.testng.reporters.JUnitXMLReporter -->
<testsuite ignored="0" hostname="LAPTOP-GGLBD97Q" failures="4" tests="10" name="Test" time="119.97" errors="0" timestamp="15 Feb 2022 01:49:31 GMT">
  <testcase classname="com.application.test.ApplicationTest" name="VerifyApplicationTitle" time="3.811"/>
  <testcase classname="com.application.test.ApplicationTest" name="VerifyApplicationHeader" time="3.53"/>
  <testcase classname="com.application.test.ApplicationTest" name="VerifyApplicationLogin" time="9.319"/>
  <testcase classname="com.application.test.ApplicationTest" name="VerifyApplicationLogin" time="16.032">
    <skipped/>
  </testcase> <!-- VerifyApplicationLogin -->
  <testcase classname="com.application.test.ApplicationTest" name="VerifyApplicationLogin" time="16.01">
    <failure type="java.lang.AssertionError" message="Login is not successful">
      <![CDATA[java.lang.AssertionError: Login is not successful
at org.junit.Assert.fail(Assert.java:88)
at com.application.pages.LoginPage.VerifySuccessfulLogin(LoginPage.java:109)
at com.application.test.ApplicationTest.VerifyApplicationLogin(ApplicationTest.java:42)
... Removed 25 stack frames]]>
    </failure>
  </testcase> <!-- VerifyApplicationLogin -->
  <testcase classname="com.application.test.ApplicationTest" name="VerifyApplicationLogout" time="19.611">
    <skipped/>
  </testcase> <!-- VerifyApplicationLogout -->
  <testcase classname="com.application.test.ApplicationTest" name="VerifyApplicationLogout" time="19.598">
    <failure type="java.lang.AssertionError" message="Application Logout is Not Successful">
      <![CDATA[java.lang.AssertionError: Application Logout is Not Successful
at com.application.pages.HomePage.verifyApplicationLogout(HomePage.java:43)
at com.application.test.ApplicationTest.VerifyApplicationLogout(ApplicationTest.java:53)
... Removed 26 stack frames]]>
    </failure>
  </testcase> <!-- VerifyApplicationLogout -->
  <testcase classname="com.application.test.ApplicationTest" name="VerifyApplicationLogout" time="5.692">
    <failure type="java.lang.AssertionError" message="Application Logout is Not Successful">
      <![CDATA[java.lang.AssertionError: Application Logout is Not Successful
at com.application.pages.HomePage.verifyApplicationLogout(HomePage.java:43)
at com.application.test.ApplicationTest.VerifyApplicationLogout(ApplicationTest.java:53)
... Removed 26 stack frames]]>
    </failure>
  </testcase> <!-- VerifyApplicationLogout -->
  <testcase classname="com.application.test.ApplicationTest" name="VerifyApplicationLogout" time="5.998">
    <failure type="java.lang.AssertionError" message="Application Logout is Not Successful">
      <![CDATA[java.lang.AssertionError: Application Logout is Not Successful
at com.application.pages.HomePage.verifyApplicationLogout(HomePage.java:43)
at com.application.test.ApplicationTest.VerifyApplicationLogout(ApplicationTest.java:53)
... Removed 26 stack frames]]>
    </failure>
  </testcase> <!-- VerifyApplicationLogout -->
  <testcase classname="com.application.test.ApplicationTest" name="VerifyForgotPasswordFeature" time="5.474"/>
</testsuite> <!-- Test -->
